13:36:43.264 [main] INFO  o.s.b.c.e.AnnotationConfigEmbeddedWebApplicationContext  [->.:] - Refreshing org.springframework.boot.context.embedded.AnnotationConfigEmbeddedWebApplicationContext@865dd6: startup date [Fri May 18 13:36:43 CST 2018]; root of context hierarchy
13:36:43.592 [background-preinit] INFO  o.h.validator.internal.util.Version  [->.:] - HV000001: Hibernate Validator 5.3.5.Final
13:36:44.428 [main] INFO  o.s.b.f.s.DefaultListableBeanFactory  [->.:] - Overriding bean definition for bean 'taobaoOrderBridge' with a different definition: replacing [Generic bean: class [com.greatonce.oms.bridge.mall.impl.taobao.TaobaoOrderBridge]; scope=singleton; abstract=false; lazyInit=false; autowireMode=0; dependencyCheck=0; autowireCandidate=true; primary=false; factoryBeanName=null; factoryMethodName=null; initMethodName=null; destroyMethodName=null; defined in URL [jar:file:/usr/local/oms/job/lib/oms-mall-3.0-SNAPSHOT.jar!/com/greatonce/oms/bridge/mall/impl/taobao/TaobaoOrderBridge.class]] with [Root bean: class [null]; scope=; abstract=false; lazyInit=false; autowireMode=3; dependencyCheck=0; autowireCandidate=true; primary=false; factoryBeanName=taobaoConfiguration; factoryMethodName=createTaobaoOrderBridge; initMethodName=null; destroyMethodName=(inferred); defined in class path resource [com/greatonce/oms/bridge/mall/impl/taobao/TaobaoConfiguration.class]]
13:36:44.429 [main] INFO  o.s.b.f.s.DefaultListableBeanFactory  [->.:] - Overriding bean definition for bean 'taobaoProductBridge' with a different definition: replacing [Generic bean: class [com.greatonce.oms.bridge.mall.impl.taobao.TaobaoProductBridge]; scope=singleton; abstract=false; lazyInit=false; autowireMode=0; dependencyCheck=0; autowireCandidate=true; primary=false; factoryBeanName=null; factoryMethodName=null; initMethodName=null; destroyMethodName=null; defined in URL [jar:file:/usr/local/oms/job/lib/oms-mall-3.0-SNAPSHOT.jar!/com/greatonce/oms/bridge/mall/impl/taobao/TaobaoProductBridge.class]] with [Root bean: class [null]; scope=; abstract=false; lazyInit=false; autowireMode=3; dependencyCheck=0; autowireCandidate=true; primary=false; factoryBeanName=taobaoConfiguration; factoryMethodName=createTaobaoProductBridge; initMethodName=null; destroyMethodName=(inferred); defined in class path resource [com/greatonce/oms/bridge/mall/impl/taobao/TaobaoConfiguration.class]]
13:36:44.429 [main] INFO  o.s.b.f.s.DefaultListableBeanFactory  [->.:] - Overriding bean definition for bean 'taobaoRefundBridge' with a different definition: replacing [Generic bean: class [com.greatonce.oms.bridge.mall.impl.taobao.TaobaoRefundBridge]; scope=singleton; abstract=false; lazyInit=false; autowireMode=0; dependencyCheck=0; autowireCandidate=true; primary=false; factoryBeanName=null; factoryMethodName=null; initMethodName=null; destroyMethodName=null; defined in URL [jar:file:/usr/local/oms/job/lib/oms-mall-3.0-SNAPSHOT.jar!/com/greatonce/oms/bridge/mall/impl/taobao/TaobaoRefundBridge.class]] with [Root bean: class [null]; scope=; abstract=false; lazyInit=false; autowireMode=3; dependencyCheck=0; autowireCandidate=true; primary=false; factoryBeanName=taobaoConfiguration; factoryMethodName=createTaobaoRefundBridge; initMethodName=null; destroyMethodName=(inferred); defined in class path resource [com/greatonce/oms/bridge/mall/impl/taobao/TaobaoConfiguration.class]]
13:36:44.430 [main] INFO  o.s.b.f.s.DefaultListableBeanFactory  [->.:] - Overriding bean definition for bean 'taobaoExchangeBridge' with a different definition: replacing [Generic bean: class [com.greatonce.oms.bridge.mall.impl.taobao.TaobaoExchangeBridge]; scope=singleton; abstract=false; lazyInit=false; autowireMode=0; dependencyCheck=0; autowireCandidate=true; primary=false; factoryBeanName=null; factoryMethodName=null; initMethodName=null; destroyMethodName=null; defined in URL [jar:file:/usr/local/oms/job/lib/oms-mall-3.0-SNAPSHOT.jar!/com/greatonce/oms/bridge/mall/impl/taobao/TaobaoExchangeBridge.class]] with [Root bean: class [null]; scope=; abstract=false; lazyInit=false; autowireMode=3; dependencyCheck=0; autowireCandidate=true; primary=false; factoryBeanName=taobaoConfiguration; factoryMethodName=createTaobaoExchangeBridge; initMethodName=null; destroyMethodName=(inferred); defined in class path resource [com/greatonce/oms/bridge/mall/impl/taobao/TaobaoConfiguration.class]]
13:36:44.430 [main] INFO  o.s.b.f.s.DefaultListableBeanFactory  [->.:] - Overriding bean definition for bean 'taobaoStoreBridge' with a different definition: replacing [Generic bean: class [com.greatonce.oms.bridge.mall.impl.taobao.TaobaoStoreBridge]; scope=singleton; abstract=false; lazyInit=false; autowireMode=0; dependencyCheck=0; autowireCandidate=true; primary=false; factoryBeanName=null; factoryMethodName=null; initMethodName=null; destroyMethodName=null; defined in URL [jar:file:/usr/local/oms/job/lib/oms-mall-3.0-SNAPSHOT.jar!/com/greatonce/oms/bridge/mall/impl/taobao/TaobaoStoreBridge.class]] with [Root bean: class [null]; scope=; abstract=false; lazyInit=false; autowireMode=3; dependencyCheck=0; autowireCandidate=true; primary=false; factoryBeanName=taobaoConfiguration; factoryMethodName=createTaobaoStoreBridge; initMethodName=null; destroyMethodName=(inferred); defined in class path resource [com/greatonce/oms/bridge/mall/impl/taobao/TaobaoConfiguration.class]]
13:36:44.604 [main] INFO  o.s.d.r.c.RepositoryConfigurationDelegate  [->.:] - Multiple Spring Data modules found, entering strict repository configuration mode!
13:36:45.060 [main] INFO  o.s.c.s.PostProcessorRegistrationDelegate$BeanPostProcessorChecker  [->.:] - Bean 'org.springframework.amqp.rabbit.annotation.RabbitBootstrapConfiguration' of type [org.springframework.amqp.rabbit.annotation.RabbitBootstrapConfiguration$$EnhancerBySpringCGLIB$$4f4e3472] is not eligible for getting processed by all BeanPostProcessors (for example: not eligible for auto-proxying)
13:36:45.638 [main] INFO  o.s.b.c.e.t.TomcatEmbeddedServletContainer  [->.:] - Tomcat initialized with port(s): 30003 (http)
13:36:45.653 [main] INFO  o.a.catalina.core.StandardService  [->.:] - Starting service [Tomcat]
13:36:45.654 [main] INFO  o.a.catalina.core.StandardEngine  [->.:] - Starting Servlet Engine: Apache Tomcat/8.5.20
13:36:45.730 [localhost-startStop-1] INFO  o.a.c.c.C.[Tomcat].[localhost].[/]  [->.:] - Initializing Spring embedded WebApplicationContext
13:36:45.730 [localhost-startStop-1] INFO  o.s.web.context.ContextLoader  [->.:] - Root WebApplicationContext: initialization completed in 2467 ms
13:36:45.876 [localhost-startStop-1] INFO  o.s.b.w.s.ServletRegistrationBean  [->.:] - Mapping servlet: 'dispatcherServlet' to [/]
13:36:45.880 [localhost-startStop-1] INFO  o.s.b.w.s.FilterRegistrationBean  [->.:] - Mapping filter: 'characterEncodingFilter' to: [/*]
13:36:45.880 [localhost-startStop-1] INFO  o.s.b.w.s.FilterRegistrationBean  [->.:] - Mapping filter: 'hiddenHttpMethodFilter' to: [/*]
13:36:45.881 [localhost-startStop-1] INFO  o.s.b.w.s.FilterRegistrationBean  [->.:] - Mapping filter: 'httpPutFormContentFilter' to: [/*]
13:36:45.881 [localhost-startStop-1] INFO  o.s.b.w.s.FilterRegistrationBean  [->.:] - Mapping filter: 'requestContextFilter' to: [/*]
13:36:49.398 [main] WARN  o.s.b.f.a.AutowiredAnnotationBeanPostProcessor  [->.:] - Autowired annotation should only be used on methods with parameters: protected com.greatonce.database.FilterDao com.greatonce.oms.biz.impl.trade.ReturnSignServiceImpl.getDAO()
13:36:49.898 [main] INFO  com.mchange.v2.log.MLog  [->.:] - MLog clients using log4j logging.
13:36:49.920 [main] INFO  com.mchange.v2.c3p0.C3P0Registry  [->.:] - Initializing c3p0-0.9.1.1 [built 15-March-2007 01:32:31; debug? true; trace: 10]
13:36:49.951 [main] INFO  org.quartz.impl.StdSchedulerFactory  [->.:] - Using default implementation for ThreadExecutor
13:36:49.971 [main] INFO  o.quartz.core.SchedulerSignalerImpl  [->.:] - Initialized Scheduler Signaller of type: class org.quartz.core.SchedulerSignalerImpl
13:36:49.971 [main] INFO  org.quartz.core.QuartzScheduler  [->.:] - Quartz Scheduler v.2.2.3 created.
13:36:49.973 [main] INFO  o.q.impl.jdbcjobstore.JobStoreTX  [->.:] - Using thread monitor-based data access locking (synchronization).
13:36:49.974 [main] INFO  o.q.impl.jdbcjobstore.JobStoreTX  [->.:] - JobStoreTX initialized.
13:36:49.975 [main] INFO  org.quartz.core.QuartzScheduler  [->.:] - Scheduler meta-data: Quartz Scheduler (v2.2.3) 'globalScheduler' with instanceId 'NON_CLUSTERED'
  Scheduler class: 'org.quartz.core.QuartzScheduler' - running locally.
  NOT STARTED.
  Currently in standby mode.
  Number of jobs executed: 0
  Using thread pool 'org.quartz.simpl.SimpleThreadPool' - with 10 threads.
  Using job-store 'org.quartz.impl.jdbcjobstore.JobStoreTX' - which supports persistence. and is not clustered.

13:36:49.975 [main] INFO  org.quartz.impl.StdSchedulerFactory  [->.:] - Quartz scheduler 'globalScheduler' initialized from an externally provided properties instance.
13:36:49.975 [main] INFO  org.quartz.impl.StdSchedulerFactory  [->.:] - Quartz scheduler version: 2.2.3
13:36:49.975 [main] INFO  org.quartz.core.QuartzScheduler  [->.:] - JobFactory set to: com.greatonce.supports.quartz.AutowireBeanJobFactory@563c3aca
13:36:51.618 [main] INFO  org.quartz.impl.StdSchedulerFactory  [->.:] - Using default implementation for ThreadExecutor
13:36:51.621 [main] INFO  o.quartz.core.SchedulerSignalerImpl  [->.:] - Initialized Scheduler Signaller of type: class org.quartz.core.SchedulerSignalerImpl
13:36:51.621 [main] INFO  org.quartz.core.QuartzScheduler  [->.:] - Quartz Scheduler v.2.2.3 created.
13:36:51.621 [main] INFO  org.quartz.simpl.RAMJobStore  [->.:] - RAMJobStore initialized.
13:36:51.621 [main] INFO  org.quartz.core.QuartzScheduler  [->.:] - Scheduler meta-data: Quartz Scheduler (v2.2.3) 'downloadScheduler' with instanceId 'NON_CLUSTERED'
  Scheduler class: 'org.quartz.core.QuartzScheduler' - running locally.
  NOT STARTED.
  Currently in standby mode.
  Number of jobs executed: 0
  Using thread pool 'org.quartz.simpl.SimpleThreadPool' - with 10 threads.
  Using job-store 'org.quartz.simpl.RAMJobStore' - which does not support persistence. and is not clustered.

13:36:51.621 [main] INFO  org.quartz.impl.StdSchedulerFactory  [->.:] - Quartz scheduler 'downloadScheduler' initialized from an externally provided properties instance.
13:36:51.621 [main] INFO  org.quartz.impl.StdSchedulerFactory  [->.:] - Quartz scheduler version: 2.2.3
13:36:51.621 [main] INFO  org.quartz.core.QuartzScheduler  [->.:] - JobFactory set to: com.greatonce.supports.quartz.AutowireBeanJobFactory@563c3aca
13:36:51.621 [main] INFO  o.s.s.quartz.SchedulerFactoryBean  [->.:] - Starting Quartz Scheduler now
13:36:51.622 [main] INFO  org.quartz.core.QuartzScheduler  [->.:] - Scheduler downloadScheduler_$_NON_CLUSTERED started.
13:36:51.643 [main] INFO  o.s.s.c.ThreadPoolTaskExecutor  [->.:] - Initializing ExecutorService 
13:36:51.650 [main] INFO  o.s.s.c.ThreadPoolTaskExecutor  [->.:] - Initializing ExecutorService  'bizExecutor'
13:36:52.057 [main] INFO  o.s.w.s.m.m.a.RequestMappingHandlerAdapter  [->.:] - Looking for @ControllerAdvice: org.springframework.boot.context.embedded.AnnotationConfigEmbeddedWebApplicationContext@865dd6: startup date [Fri May 18 13:36:43 CST 2018]; root of context hierarchy
13:36:52.134 [main] INFO  o.s.w.s.m.m.a.RequestMappingHandlerMapping  [->.:] - Mapped "{[/quartz],methods=[POST]}" onto public void com.greatonce.oms.job.executor.QuartzController.addJob(com.greatonce.oms.job.executor.JobInfo) throws org.quartz.SchedulerException,java.lang.ClassNotFoundException
13:36:52.135 [main] INFO  o.s.w.s.m.m.a.RequestMappingHandlerMapping  [->.:] - Mapped "{[/quartz/{jobGroup}/{jobName}/pause],methods=[POST]}" onto public void com.greatonce.oms.job.executor.QuartzController.pauseJob(java.lang.String,java.lang.String) throws org.quartz.SchedulerException
13:36:52.135 [main] INFO  o.s.w.s.m.m.a.RequestMappingHandlerMapping  [->.:] - Mapped "{[/quartz/{jobGroup}/{jobName}/continue],methods=[POST]}" onto public void com.greatonce.oms.job.executor.QuartzController.continueJob(java.lang.String,java.lang.String) throws org.quartz.SchedulerException
13:36:52.135 [main] INFO  o.s.w.s.m.m.a.RequestMappingHandlerMapping  [->.:] - Mapped "{[/quartz/{jobGroup}/{jobName}/delete],methods=[POST]}" onto public void com.greatonce.oms.job.executor.QuartzController.deleteJob(java.lang.String,java.lang.String) throws org.quartz.SchedulerException
13:36:52.136 [main] INFO  o.s.w.s.m.m.a.RequestMappingHandlerMapping  [->.:] - Mapped "{[/quartz/jobs],methods=[GET]}" onto public java.util.List<com.greatonce.oms.job.executor.JobInfo> com.greatonce.oms.job.executor.QuartzController.list() throws org.quartz.SchedulerException
13:36:52.142 [main] INFO  o.s.w.s.m.m.a.RequestMappingHandlerMapping  [->.:] - Mapped "{[/error],produces=[text/html]}" onto public org.springframework.web.servlet.ModelAndView org.springframework.boot.autoconfigure.web.BasicErrorController.errorHtml(javax.servlet.http.HttpServletRequest,javax.servlet.http.HttpServletResponse)
13:36:52.142 [main] INFO  o.s.w.s.m.m.a.RequestMappingHandlerMapping  [->.:] - Mapped "{[/error]}" onto public org.springframework.http.ResponseEntity<java.util.Map<java.lang.String, java.lang.Object>> org.springframework.boot.autoconfigure.web.BasicErrorController.error(javax.servlet.http.HttpServletRequest)
13:36:52.176 [main] INFO  o.s.w.s.h.SimpleUrlHandlerMapping  [->.:] - Mapped URL path [/webjars/**] onto handler of type [class org.springframework.web.servlet.resource.ResourceHttpRequestHandler]
13:36:52.177 [main] INFO  o.s.w.s.h.SimpleUrlHandlerMapping  [->.:] - Mapped URL path [/**] onto handler of type [class org.springframework.web.servlet.resource.ResourceHttpRequestHandler]
13:36:52.219 [main] INFO  o.s.w.s.h.SimpleUrlHandlerMapping  [->.:] - Mapped URL path [/**/favicon.ico] onto handler of type [class org.springframework.web.servlet.resource.ResourceHttpRequestHandler]
13:36:52.654 [main] INFO  o.s.j.e.a.AnnotationMBeanExporter  [->.:] - Registering beans for JMX exposure on startup
13:36:52.657 [main] INFO  o.s.j.e.a.AnnotationMBeanExporter  [->.:] - Bean with name 'omsDataSource' has been autodetected for JMX exposure
13:36:52.658 [main] INFO  o.s.j.e.a.AnnotationMBeanExporter  [->.:] - Bean with name 'adminDataSource' has been autodetected for JMX exposure
13:36:52.658 [main] INFO  o.s.j.e.a.AnnotationMBeanExporter  [->.:] - Bean with name 'rdsDataSource' has been autodetected for JMX exposure
13:36:52.667 [main] INFO  o.s.j.e.a.AnnotationMBeanExporter  [->.:] - Bean with name 'rabbitConnectionFactory' has been autodetected for JMX exposure
13:36:52.670 [main] INFO  o.s.j.e.a.AnnotationMBeanExporter  [->.:] - Located MBean 'rdsDataSource': registering with JMX server as MBean [com.alibaba.druid.pool:name=rdsDataSource,type=DruidDataSource]
13:36:52.672 [main] INFO  o.s.j.e.a.AnnotationMBeanExporter  [->.:] - Located MBean 'omsDataSource': registering with JMX server as MBean [com.alibaba.druid.pool:name=omsDataSource,type=DruidDataSource]
13:36:52.674 [main] INFO  o.s.j.e.a.AnnotationMBeanExporter  [->.:] - Located managed bean 'rabbitConnectionFactory': registering with JMX server as MBean [org.springframework.amqp.rabbit.connection:name=rabbitConnectionFactory,type=CachingConnectionFactory]
13:36:52.692 [main] INFO  o.s.j.e.a.AnnotationMBeanExporter  [->.:] - Located MBean 'adminDataSource': registering with JMX server as MBean [com.alibaba.druid.pool:name=adminDataSource,type=DruidDataSource]
13:36:52.697 [main] INFO  o.s.c.s.DefaultLifecycleProcessor  [->.:] - Starting beans in phase 2147483647
13:36:52.697 [main] INFO  o.s.s.quartz.SchedulerFactoryBean  [->.:] - Will start Quartz Scheduler [globalScheduler] in 1 seconds
13:36:52.714 [main] INFO  o.a.coyote.http11.Http11NioProtocol  [->.:] - Initializing ProtocolHandler ["http-nio-30003"]
13:36:52.724 [main] INFO  o.a.coyote.http11.Http11NioProtocol  [->.:] - Starting ProtocolHandler ["http-nio-30003"]
13:36:52.730 [main] ERROR o.a.coyote.http11.Http11NioProtocol  [->.:] - Failed to start end point associated with ProtocolHandler ["http-nio-30003"]
java.net.BindException: Address already in use
	at sun.nio.ch.Net.bind0(Native Method)
	at sun.nio.ch.Net.bind(Net.java:433)
	at sun.nio.ch.Net.bind(Net.java:425)
	at sun.nio.ch.ServerSocketChannelImpl.bind(ServerSocketChannelImpl.java:223)
	at sun.nio.ch.ServerSocketAdaptor.bind(ServerSocketAdaptor.java:74)
	at org.apache.tomcat.util.net.NioEndpoint.bind(NioEndpoint.java:210)
	at org.apache.tomcat.util.net.AbstractEndpoint.start(AbstractEndpoint.java:990)
	at org.apache.coyote.AbstractProtocol.start(AbstractProtocol.java:635)
	at org.apache.catalina.connector.Connector.startInternal(Connector.java:1022)
	at org.apache.catalina.util.LifecycleBase.start(LifecycleBase.java:150)
	at org.apache.catalina.core.StandardService.addConnector(StandardService.java:225)
	at org.springframework.boot.context.embedded.tomcat.TomcatEmbeddedServletContainer.addPreviouslyRemovedConnectors(TomcatEmbeddedServletContainer.java:250)
	at org.springframework.boot.context.embedded.tomcat.TomcatEmbeddedServletContainer.start(TomcatEmbeddedServletContainer.java:193)
	at org.springframework.boot.context.embedded.EmbeddedWebApplicationContext.startEmbeddedServletContainer(EmbeddedWebApplicationContext.java:297)
	at org.springframework.boot.context.embedded.EmbeddedWebApplicationContext.finishRefresh(EmbeddedWebApplicationContext.java:145)
	at org.springframework.context.support.AbstractApplicationContext.refresh(AbstractApplicationContext.java:546)
	at org.springframework.boot.context.embedded.EmbeddedWebApplicationContext.refresh(EmbeddedWebApplicationContext.java:122)
	at org.springframework.boot.SpringApplication.refresh(SpringApplication.java:693)
	at org.springframework.boot.SpringApplication.refreshContext(SpringApplication.java:360)
	at org.springframework.boot.SpringApplication.run(SpringApplication.java:303)
	at org.springframework.boot.SpringApplication.run(SpringApplication.java:1118)
	at org.springframework.boot.SpringApplication.run(SpringApplication.java:1107)
	at com.greatonce.oms.job.executor.Application.main(Application.java:21)
13:36:52.731 [main] ERROR o.a.catalina.core.StandardService  [->.:] - Failed to start connector [Connector[HTTP/1.1-30003]]
org.apache.catalina.LifecycleException: Failed to start component [Connector[HTTP/1.1-30003]]
	at org.apache.catalina.util.LifecycleBase.start(LifecycleBase.java:167)
	at org.apache.catalina.core.StandardService.addConnector(StandardService.java:225)
	at org.springframework.boot.context.embedded.tomcat.TomcatEmbeddedServletContainer.addPreviouslyRemovedConnectors(TomcatEmbeddedServletContainer.java:250)
	at org.springframework.boot.context.embedded.tomcat.TomcatEmbeddedServletContainer.start(TomcatEmbeddedServletContainer.java:193)
	at org.springframework.boot.context.embedded.EmbeddedWebApplicationContext.startEmbeddedServletContainer(EmbeddedWebApplicationContext.java:297)
	at org.springframework.boot.context.embedded.EmbeddedWebApplicationContext.finishRefresh(EmbeddedWebApplicationContext.java:145)
	at org.springframework.context.support.AbstractApplicationContext.refresh(AbstractApplicationContext.java:546)
	at org.springframework.boot.context.embedded.EmbeddedWebApplicationContext.refresh(EmbeddedWebApplicationContext.java:122)
	at org.springframework.boot.SpringApplication.refresh(SpringApplication.java:693)
	at org.springframework.boot.SpringApplication.refreshContext(SpringApplication.java:360)
	at org.springframework.boot.SpringApplication.run(SpringApplication.java:303)
	at org.springframework.boot.SpringApplication.run(SpringApplication.java:1118)
	at org.springframework.boot.SpringApplication.run(SpringApplication.java:1107)
	at com.greatonce.oms.job.executor.Application.main(Application.java:21)
Caused by: org.apache.catalina.LifecycleException: service.getName(): "Tomcat";  Protocol handler start failed
	at org.apache.catalina.connector.Connector.startInternal(Connector.java:1029)
	at org.apache.catalina.util.LifecycleBase.start(LifecycleBase.java:150)
	... 13 common frames omitted
Caused by: java.net.BindException: Address already in use
	at sun.nio.ch.Net.bind0(Native Method)
	at sun.nio.ch.Net.bind(Net.java:433)
	at sun.nio.ch.Net.bind(Net.java:425)
	at sun.nio.ch.ServerSocketChannelImpl.bind(ServerSocketChannelImpl.java:223)
	at sun.nio.ch.ServerSocketAdaptor.bind(ServerSocketAdaptor.java:74)
	at org.apache.tomcat.util.net.NioEndpoint.bind(NioEndpoint.java:210)
	at org.apache.tomcat.util.net.AbstractEndpoint.start(AbstractEndpoint.java:990)
	at org.apache.coyote.AbstractProtocol.start(AbstractProtocol.java:635)
	at org.apache.catalina.connector.Connector.startInternal(Connector.java:1022)
	... 14 common frames omitted
13:36:52.738 [main] INFO  o.a.coyote.http11.Http11NioProtocol  [->.:] - Pausing ProtocolHandler ["http-nio-30003"]
13:36:52.738 [main] INFO  o.a.catalina.core.StandardService  [->.:] - Stopping service [Tomcat]
13:36:52.763 [main] INFO  o.apache.catalina.util.LifecycleBase  [->.:] - The stop() method was called on component [StandardServer[-1]] after stop() had already been called. The second call will be ignored.
13:36:52.763 [main] INFO  o.a.coyote.http11.Http11NioProtocol  [->.:] - Stopping ProtocolHandler ["http-nio-30003"]
13:36:52.763 [main] INFO  o.a.coyote.http11.Http11NioProtocol  [->.:] - Destroying ProtocolHandler ["http-nio-30003"]
13:36:52.767 [main] INFO  o.s.b.a.l.AutoConfigurationReportLoggingInitializer  [->.:] - 

Error starting ApplicationContext. To display the auto-configuration report re-run your application with 'debug' enabled.
13:36:52.770 [main] ERROR o.s.b.d.LoggingFailureAnalysisReporter  [->.:] - 

***************************
APPLICATION FAILED TO START
***************************

Description:

The Tomcat connector configured to listen on port 30003 failed to start. The port may already be in use or the connector may be misconfigured.

Action:

Verify the connector's configuration, identify and stop any process that's listening on port 30003, or configure this application to listen on another port.

13:36:52.771 [main] INFO  o.s.b.c.e.AnnotationConfigEmbeddedWebApplicationContext  [->.:] - Closing org.springframework.boot.context.embedded.AnnotationConfigEmbeddedWebApplicationContext@865dd6: startup date [Fri May 18 13:36:43 CST 2018]; root of context hierarchy
13:36:52.773 [main] INFO  o.s.c.s.DefaultLifecycleProcessor  [->.:] - Stopping beans in phase 2147483647
13:36:52.774 [main] INFO  o.s.j.e.a.AnnotationMBeanExporter  [->.:] - Unregistering JMX-exposed beans on shutdown
13:36:52.774 [main] INFO  o.s.j.e.a.AnnotationMBeanExporter  [->.:] - Unregistering JMX-exposed beans
13:36:52.776 [main] INFO  o.s.s.c.ThreadPoolTaskExecutor  [->.:] - Shutting down ExecutorService 'bizExecutor'
13:36:52.777 [main] INFO  org.quartz.core.QuartzScheduler  [->.:] - Scheduler downloadScheduler_$_NON_CLUSTERED shutting down.
13:36:52.777 [main] INFO  org.quartz.core.QuartzScheduler  [->.:] - Scheduler downloadScheduler_$_NON_CLUSTERED paused.
13:36:52.777 [main] INFO  org.quartz.core.QuartzScheduler  [->.:] - Scheduler downloadScheduler_$_NON_CLUSTERED shutdown complete.
13:36:52.778 [main] INFO  o.s.s.quartz.SchedulerFactoryBean  [->.:] - Shutting down Quartz Scheduler
13:36:52.778 [main] INFO  org.quartz.core.QuartzScheduler  [->.:] - Scheduler globalScheduler_$_NON_CLUSTERED shutting down.
13:36:52.778 [main] INFO  org.quartz.core.QuartzScheduler  [->.:] - Scheduler globalScheduler_$_NON_CLUSTERED paused.
13:36:52.778 [main] INFO  org.quartz.core.QuartzScheduler  [->.:] - Scheduler globalScheduler_$_NON_CLUSTERED shutdown complete.
16:06:35.078 [main] INFO  o.s.b.c.e.AnnotationConfigEmbeddedWebApplicationContext  [->.:] - Refreshing org.springframework.boot.context.embedded.AnnotationConfigEmbeddedWebApplicationContext@865dd6: startup date [Fri May 18 16:06:35 CST 2018]; root of context hierarchy
16:06:35.419 [background-preinit] INFO  o.h.validator.internal.util.Version  [->.:] - HV000001: Hibernate Validator 5.3.5.Final
16:06:36.224 [main] INFO  o.s.b.f.s.DefaultListableBeanFactory  [->.:] - Overriding bean definition for bean 'taobaoOrderBridge' with a different definition: replacing [Generic bean: class [com.greatonce.oms.bridge.mall.impl.taobao.TaobaoOrderBridge]; scope=singleton; abstract=false; lazyInit=false; autowireMode=0; dependencyCheck=0; autowireCandidate=true; primary=false; factoryBeanName=null; factoryMethodName=null; initMethodName=null; destroyMethodName=null; defined in URL [jar:file:/usr/local/oms/job/lib/oms-mall-3.0-SNAPSHOT.jar!/com/greatonce/oms/bridge/mall/impl/taobao/TaobaoOrderBridge.class]] with [Root bean: class [null]; scope=; abstract=false; lazyInit=false; autowireMode=3; dependencyCheck=0; autowireCandidate=true; primary=false; factoryBeanName=taobaoConfiguration; factoryMethodName=createTaobaoOrderBridge; initMethodName=null; destroyMethodName=(inferred); defined in class path resource [com/greatonce/oms/bridge/mall/impl/taobao/TaobaoConfiguration.class]]
16:06:36.225 [main] INFO  o.s.b.f.s.DefaultListableBeanFactory  [->.:] - Overriding bean definition for bean 'taobaoProductBridge' with a different definition: replacing [Generic bean: class [com.greatonce.oms.bridge.mall.impl.taobao.TaobaoProductBridge]; scope=singleton; abstract=false; lazyInit=false; autowireMode=0; dependencyCheck=0; autowireCandidate=true; primary=false; factoryBeanName=null; factoryMethodName=null; initMethodName=null; destroyMethodName=null; defined in URL [jar:file:/usr/local/oms/job/lib/oms-mall-3.0-SNAPSHOT.jar!/com/greatonce/oms/bridge/mall/impl/taobao/TaobaoProductBridge.class]] with [Root bean: class [null]; scope=; abstract=false; lazyInit=false; autowireMode=3; dependencyCheck=0; autowireCandidate=true; primary=false; factoryBeanName=taobaoConfiguration; factoryMethodName=createTaobaoProductBridge; initMethodName=null; destroyMethodName=(inferred); defined in class path resource [com/greatonce/oms/bridge/mall/impl/taobao/TaobaoConfiguration.class]]
16:06:36.226 [main] INFO  o.s.b.f.s.DefaultListableBeanFactory  [->.:] - Overriding bean definition for bean 'taobaoRefundBridge' with a different definition: replacing [Generic bean: class [com.greatonce.oms.bridge.mall.impl.taobao.TaobaoRefundBridge]; scope=singleton; abstract=false; lazyInit=false; autowireMode=0; dependencyCheck=0; autowireCandidate=true; primary=false; factoryBeanName=null; factoryMethodName=null; initMethodName=null; destroyMethodName=null; defined in URL [jar:file:/usr/local/oms/job/lib/oms-mall-3.0-SNAPSHOT.jar!/com/greatonce/oms/bridge/mall/impl/taobao/TaobaoRefundBridge.class]] with [Root bean: class [null]; scope=; abstract=false; lazyInit=false; autowireMode=3; dependencyCheck=0; autowireCandidate=true; primary=false; factoryBeanName=taobaoConfiguration; factoryMethodName=createTaobaoRefundBridge; initMethodName=null; destroyMethodName=(inferred); defined in class path resource [com/greatonce/oms/bridge/mall/impl/taobao/TaobaoConfiguration.class]]
16:06:36.226 [main] INFO  o.s.b.f.s.DefaultListableBeanFactory  [->.:] - Overriding bean definition for bean 'taobaoExchangeBridge' with a different definition: replacing [Generic bean: class [com.greatonce.oms.bridge.mall.impl.taobao.TaobaoExchangeBridge]; scope=singleton; abstract=false; lazyInit=false; autowireMode=0; dependencyCheck=0; autowireCandidate=true; primary=false; factoryBeanName=null; factoryMethodName=null; initMethodName=null; destroyMethodName=null; defined in URL [jar:file:/usr/local/oms/job/lib/oms-mall-3.0-SNAPSHOT.jar!/com/greatonce/oms/bridge/mall/impl/taobao/TaobaoExchangeBridge.class]] with [Root bean: class [null]; scope=; abstract=false; lazyInit=false; autowireMode=3; dependencyCheck=0; autowireCandidate=true; primary=false; factoryBeanName=taobaoConfiguration; factoryMethodName=createTaobaoExchangeBridge; initMethodName=null; destroyMethodName=(inferred); defined in class path resource [com/greatonce/oms/bridge/mall/impl/taobao/TaobaoConfiguration.class]]
16:06:36.227 [main] INFO  o.s.b.f.s.DefaultListableBeanFactory  [->.:] - Overriding bean definition for bean 'taobaoStoreBridge' with a different definition: replacing [Generic bean: class [com.greatonce.oms.bridge.mall.impl.taobao.TaobaoStoreBridge]; scope=singleton; abstract=false; lazyInit=false; autowireMode=0; dependencyCheck=0; autowireCandidate=true; primary=false; factoryBeanName=null; factoryMethodName=null; initMethodName=null; destroyMethodName=null; defined in URL [jar:file:/usr/local/oms/job/lib/oms-mall-3.0-SNAPSHOT.jar!/com/greatonce/oms/bridge/mall/impl/taobao/TaobaoStoreBridge.class]] with [Root bean: class [null]; scope=; abstract=false; lazyInit=false; autowireMode=3; dependencyCheck=0; autowireCandidate=true; primary=false; factoryBeanName=taobaoConfiguration; factoryMethodName=createTaobaoStoreBridge; initMethodName=null; destroyMethodName=(inferred); defined in class path resource [com/greatonce/oms/bridge/mall/impl/taobao/TaobaoConfiguration.class]]
16:06:36.396 [main] INFO  o.s.d.r.c.RepositoryConfigurationDelegate  [->.:] - Multiple Spring Data modules found, entering strict repository configuration mode!
16:06:36.849 [main] INFO  o.s.c.s.PostProcessorRegistrationDelegate$BeanPostProcessorChecker  [->.:] - Bean 'org.springframework.amqp.rabbit.annotation.RabbitBootstrapConfiguration' of type [org.springframework.amqp.rabbit.annotation.RabbitBootstrapConfiguration$$EnhancerBySpringCGLIB$$4f4e3472] is not eligible for getting processed by all BeanPostProcessors (for example: not eligible for auto-proxying)
16:06:37.382 [main] INFO  o.s.b.c.e.t.TomcatEmbeddedServletContainer  [->.:] - Tomcat initialized with port(s): 30005 (http)
16:06:37.395 [main] INFO  o.a.catalina.core.StandardService  [->.:] - Starting service [Tomcat]
16:06:37.396 [main] INFO  o.a.catalina.core.StandardEngine  [->.:] - Starting Servlet Engine: Apache Tomcat/8.5.20
16:06:37.467 [localhost-startStop-1] INFO  o.a.c.c.C.[Tomcat].[localhost].[/]  [->.:] - Initializing Spring embedded WebApplicationContext
16:06:37.468 [localhost-startStop-1] INFO  o.s.web.context.ContextLoader  [->.:] - Root WebApplicationContext: initialization completed in 2390 ms
16:06:37.612 [localhost-startStop-1] INFO  o.s.b.w.s.ServletRegistrationBean  [->.:] - Mapping servlet: 'dispatcherServlet' to [/]
16:06:37.615 [localhost-startStop-1] INFO  o.s.b.w.s.FilterRegistrationBean  [->.:] - Mapping filter: 'characterEncodingFilter' to: [/*]
16:06:37.616 [localhost-startStop-1] INFO  o.s.b.w.s.FilterRegistrationBean  [->.:] - Mapping filter: 'hiddenHttpMethodFilter' to: [/*]
16:06:37.616 [localhost-startStop-1] INFO  o.s.b.w.s.FilterRegistrationBean  [->.:] - Mapping filter: 'httpPutFormContentFilter' to: [/*]
16:06:37.616 [localhost-startStop-1] INFO  o.s.b.w.s.FilterRegistrationBean  [->.:] - Mapping filter: 'requestContextFilter' to: [/*]
16:06:40.381 [main] INFO  com.mchange.v2.log.MLog  [->.:] - MLog clients using log4j logging.
16:06:40.401 [main] INFO  com.mchange.v2.c3p0.C3P0Registry  [->.:] - Initializing c3p0-0.9.1.1 [built 15-March-2007 01:32:31; debug? true; trace: 10]
16:06:40.427 [main] INFO  org.quartz.impl.StdSchedulerFactory  [->.:] - Using default implementation for ThreadExecutor
16:06:40.441 [main] INFO  o.quartz.core.SchedulerSignalerImpl  [->.:] - Initialized Scheduler Signaller of type: class org.quartz.core.SchedulerSignalerImpl
16:06:40.441 [main] INFO  org.quartz.core.QuartzScheduler  [->.:] - Quartz Scheduler v.2.2.3 created.
16:06:40.442 [main] INFO  o.q.impl.jdbcjobstore.JobStoreTX  [->.:] - Using thread monitor-based data access locking (synchronization).
16:06:40.443 [main] INFO  o.q.impl.jdbcjobstore.JobStoreTX  [->.:] - JobStoreTX initialized.
16:06:40.443 [main] INFO  org.quartz.core.QuartzScheduler  [->.:] - Scheduler meta-data: Quartz Scheduler (v2.2.3) 'globalScheduler' with instanceId 'NON_CLUSTERED'
  Scheduler class: 'org.quartz.core.QuartzScheduler' - running locally.
  NOT STARTED.
  Currently in standby mode.
  Number of jobs executed: 0
  Using thread pool 'org.quartz.simpl.SimpleThreadPool' - with 10 threads.
  Using job-store 'org.quartz.impl.jdbcjobstore.JobStoreTX' - which supports persistence. and is not clustered.

16:06:40.443 [main] INFO  org.quartz.impl.StdSchedulerFactory  [->.:] - Quartz scheduler 'globalScheduler' initialized from an externally provided properties instance.
16:06:40.444 [main] INFO  org.quartz.impl.StdSchedulerFactory  [->.:] - Quartz scheduler version: 2.2.3
16:06:40.444 [main] INFO  org.quartz.core.QuartzScheduler  [->.:] - JobFactory set to: com.greatonce.supports.quartz.AutowireBeanJobFactory@492fa72a
16:06:41.246 [main] WARN  o.s.b.f.a.AutowiredAnnotationBeanPostProcessor  [->.:] - Autowired annotation should only be used on methods with parameters: protected com.greatonce.database.FilterDao com.greatonce.oms.biz.impl.trade.ReturnSignServiceImpl.getDAO()
16:06:43.012 [main] INFO  org.quartz.impl.StdSchedulerFactory  [->.:] - Using default implementation for ThreadExecutor
16:06:43.014 [main] INFO  o.quartz.core.SchedulerSignalerImpl  [->.:] - Initialized Scheduler Signaller of type: class org.quartz.core.SchedulerSignalerImpl
16:06:43.014 [main] INFO  org.quartz.core.QuartzScheduler  [->.:] - Quartz Scheduler v.2.2.3 created.
16:06:43.014 [main] INFO  org.quartz.simpl.RAMJobStore  [->.:] - RAMJobStore initialized.
16:06:43.014 [main] INFO  org.quartz.core.QuartzScheduler  [->.:] - Scheduler meta-data: Quartz Scheduler (v2.2.3) 'downloadScheduler' with instanceId 'NON_CLUSTERED'
  Scheduler class: 'org.quartz.core.QuartzScheduler' - running locally.
  NOT STARTED.
  Currently in standby mode.
  Number of jobs executed: 0
  Using thread pool 'org.quartz.simpl.SimpleThreadPool' - with 10 threads.
  Using job-store 'org.quartz.simpl.RAMJobStore' - which does not support persistence. and is not clustered.

16:06:43.014 [main] INFO  org.quartz.impl.StdSchedulerFactory  [->.:] - Quartz scheduler 'downloadScheduler' initialized from an externally provided properties instance.
16:06:43.014 [main] INFO  org.quartz.impl.StdSchedulerFactory  [->.:] - Quartz scheduler version: 2.2.3
16:06:43.014 [main] INFO  org.quartz.core.QuartzScheduler  [->.:] - JobFactory set to: com.greatonce.supports.quartz.AutowireBeanJobFactory@492fa72a
16:06:43.014 [main] INFO  o.s.s.quartz.SchedulerFactoryBean  [->.:] - Starting Quartz Scheduler now
16:06:43.014 [main] INFO  org.quartz.core.QuartzScheduler  [->.:] - Scheduler downloadScheduler_$_NON_CLUSTERED started.
16:06:43.032 [main] INFO  o.s.s.c.ThreadPoolTaskExecutor  [->.:] - Initializing ExecutorService 
16:06:43.038 [main] INFO  o.s.s.c.ThreadPoolTaskExecutor  [->.:] - Initializing ExecutorService  'bizExecutor'
16:06:43.430 [main] INFO  o.s.w.s.m.m.a.RequestMappingHandlerAdapter  [->.:] - Looking for @ControllerAdvice: org.springframework.boot.context.embedded.AnnotationConfigEmbeddedWebApplicationContext@865dd6: startup date [Fri May 18 16:06:35 CST 2018]; root of context hierarchy
16:06:43.503 [main] INFO  o.s.w.s.m.m.a.RequestMappingHandlerMapping  [->.:] - Mapped "{[/quartz],methods=[POST]}" onto public void com.greatonce.oms.job.executor.QuartzController.addJob(com.greatonce.oms.job.executor.JobInfo) throws org.quartz.SchedulerException,java.lang.ClassNotFoundException
16:06:43.504 [main] INFO  o.s.w.s.m.m.a.RequestMappingHandlerMapping  [->.:] - Mapped "{[/quartz/{jobGroup}/{jobName}/pause],methods=[POST]}" onto public void com.greatonce.oms.job.executor.QuartzController.pauseJob(java.lang.String,java.lang.String) throws org.quartz.SchedulerException
16:06:43.504 [main] INFO  o.s.w.s.m.m.a.RequestMappingHandlerMapping  [->.:] - Mapped "{[/quartz/{jobGroup}/{jobName}/continue],methods=[POST]}" onto public void com.greatonce.oms.job.executor.QuartzController.continueJob(java.lang.String,java.lang.String) throws org.quartz.SchedulerException
16:06:43.505 [main] INFO  o.s.w.s.m.m.a.RequestMappingHandlerMapping  [->.:] - Mapped "{[/quartz/{jobGroup}/{jobName}/delete],methods=[POST]}" onto public void com.greatonce.oms.job.executor.QuartzController.deleteJob(java.lang.String,java.lang.String) throws org.quartz.SchedulerException
16:06:43.505 [main] INFO  o.s.w.s.m.m.a.RequestMappingHandlerMapping  [->.:] - Mapped "{[/quartz/jobs],methods=[GET]}" onto public java.util.List<com.greatonce.oms.job.executor.JobInfo> com.greatonce.oms.job.executor.QuartzController.list() throws org.quartz.SchedulerException
16:06:43.510 [main] INFO  o.s.w.s.m.m.a.RequestMappingHandlerMapping  [->.:] - Mapped "{[/error],produces=[text/html]}" onto public org.springframework.web.servlet.ModelAndView org.springframework.boot.autoconfigure.web.BasicErrorController.errorHtml(javax.servlet.http.HttpServletRequest,javax.servlet.http.HttpServletResponse)
16:06:43.511 [main] INFO  o.s.w.s.m.m.a.RequestMappingHandlerMapping  [->.:] - Mapped "{[/error]}" onto public org.springframework.http.ResponseEntity<java.util.Map<java.lang.String, java.lang.Object>> org.springframework.boot.autoconfigure.web.BasicErrorController.error(javax.servlet.http.HttpServletRequest)
16:06:43.543 [main] INFO  o.s.w.s.h.SimpleUrlHandlerMapping  [->.:] - Mapped URL path [/webjars/**] onto handler of type [class org.springframework.web.servlet.resource.ResourceHttpRequestHandler]
16:06:43.543 [main] INFO  o.s.w.s.h.SimpleUrlHandlerMapping  [->.:] - Mapped URL path [/**] onto handler of type [class org.springframework.web.servlet.resource.ResourceHttpRequestHandler]
16:06:43.582 [main] INFO  o.s.w.s.h.SimpleUrlHandlerMapping  [->.:] - Mapped URL path [/**/favicon.ico] onto handler of type [class org.springframework.web.servlet.resource.ResourceHttpRequestHandler]
16:06:44.011 [main] INFO  o.s.j.e.a.AnnotationMBeanExporter  [->.:] - Registering beans for JMX exposure on startup
16:06:44.014 [main] INFO  o.s.j.e.a.AnnotationMBeanExporter  [->.:] - Bean with name 'omsDataSource' has been autodetected for JMX exposure
16:06:44.015 [main] INFO  o.s.j.e.a.AnnotationMBeanExporter  [->.:] - Bean with name 'adminDataSource' has been autodetected for JMX exposure
16:06:44.015 [main] INFO  o.s.j.e.a.AnnotationMBeanExporter  [->.:] - Bean with name 'rdsDataSource' has been autodetected for JMX exposure
16:06:44.023 [main] INFO  o.s.j.e.a.AnnotationMBeanExporter  [->.:] - Bean with name 'rabbitConnectionFactory' has been autodetected for JMX exposure
16:06:44.026 [main] INFO  o.s.j.e.a.AnnotationMBeanExporter  [->.:] - Located MBean 'rdsDataSource': registering with JMX server as MBean [com.alibaba.druid.pool:name=rdsDataSource,type=DruidDataSource]
16:06:44.028 [main] INFO  o.s.j.e.a.AnnotationMBeanExporter  [->.:] - Located MBean 'omsDataSource': registering with JMX server as MBean [com.alibaba.druid.pool:name=omsDataSource,type=DruidDataSource]
16:06:44.030 [main] INFO  o.s.j.e.a.AnnotationMBeanExporter  [->.:] - Located managed bean 'rabbitConnectionFactory': registering with JMX server as MBean [org.springframework.amqp.rabbit.connection:name=rabbitConnectionFactory,type=CachingConnectionFactory]
16:06:44.045 [main] INFO  o.s.j.e.a.AnnotationMBeanExporter  [->.:] - Located MBean 'adminDataSource': registering with JMX server as MBean [com.alibaba.druid.pool:name=adminDataSource,type=DruidDataSource]
16:06:44.049 [main] INFO  o.s.c.s.DefaultLifecycleProcessor  [->.:] - Starting beans in phase 2147483647
16:06:44.049 [main] INFO  o.s.s.quartz.SchedulerFactoryBean  [->.:] - Will start Quartz Scheduler [globalScheduler] in 1 seconds
16:06:44.062 [main] INFO  o.a.coyote.http11.Http11NioProtocol  [->.:] - Initializing ProtocolHandler ["http-nio-30005"]
16:06:44.072 [main] INFO  o.a.coyote.http11.Http11NioProtocol  [->.:] - Starting ProtocolHandler ["http-nio-30005"]
16:06:44.078 [main] INFO  o.a.tomcat.util.net.NioSelectorPool  [->.:] - Using a shared selector for servlet write/read
16:06:44.094 [main] INFO  o.s.b.c.e.t.TomcatEmbeddedServletContainer  [->.:] - Tomcat started on port(s): 30005 (http)
16:06:45.050 [Quartz Scheduler [globalScheduler]] INFO  o.s.s.quartz.SchedulerFactoryBean  [->.:] - Starting Quartz Scheduler now, after delay of 1 seconds
16:06:45.081 [Quartz Scheduler [globalScheduler]] INFO  c.m.v.c.i.AbstractPoolBackedDataSource  [->.:] - Initializing c3p0 pool... com.mchange.v2.c3p0.ComboPooledDataSource [ acquireIncrement -> 3, acquireRetryAttempts -> 30, acquireRetryDelay -> 1000, autoCommitOnClose -> false, automaticTestTable -> null, breakAfterAcquireFailure -> false, checkoutTimeout -> 0, connectionCustomizerClassName -> null, connectionTesterClassName -> com.mchange.v2.c3p0.impl.DefaultConnectionTester, dataSourceName -> 2s6g5z9vvpkr9l1tkufcs|6ab50d1c, debugUnreturnedConnectionStackTraces -> false, description -> null, driverClass -> com.mysql.jdbc.Driver, factoryClassLocation -> null, forceIgnoreUnresolvedTransactions -> false, identityToken -> 2s6g5z9vvpkr9l1tkufcs|6ab50d1c, idleConnectionTestPeriod -> 0, initialPoolSize -> 3, jdbcUrl -> jdbc:mysql://10.7.123.87:3306/quartz?useUnicode=true&characterEncoding=utf-8&zeroDateTimeBehavior=convertToNull&transformedBitIsBoolean=true&autoReconnect=true&failOverReadOnly=false, lastAcquisitionFailureDefaultUser -> null, maxAdministrativeTaskTime -> 0, maxConnectionAge -> 0, maxIdleTime -> 0, maxIdleTimeExcessConnections -> 0, maxPoolSize -> 5, maxStatements -> 0, maxStatementsPerConnection -> 120, minPoolSize -> 1, numHelperThreads -> 3, numThreadsAwaitingCheckoutDefaultUser -> 0, preferredTestQuery -> null, properties -> {user=******, password=******}, propertyCycle -> 0, testConnectionOnCheckin -> false, testConnectionOnCheckout -> false, unreturnedConnectionTimeout -> 0, usesTraditionalReflectiveProxies -> false ]
16:06:45.548 [Quartz Scheduler [globalScheduler]] INFO  o.q.impl.jdbcjobstore.JobStoreTX  [->.:] - Freed 1 triggers from 'acquired' / 'blocked' state.
16:06:45.556 [Quartz Scheduler [globalScheduler]] INFO  o.q.impl.jdbcjobstore.JobStoreTX  [->.:] - Recovering 0 jobs that were in-progress at the time of the last shut-down.
16:06:45.556 [Quartz Scheduler [globalScheduler]] INFO  o.q.impl.jdbcjobstore.JobStoreTX  [->.:] - Recovery complete.
16:06:45.557 [Quartz Scheduler [globalScheduler]] INFO  o.q.impl.jdbcjobstore.JobStoreTX  [->.:] - Removed 0 'complete' triggers.
16:06:45.558 [Quartz Scheduler [globalScheduler]] INFO  o.q.impl.jdbcjobstore.JobStoreTX  [->.:] - Removed 2 stale fired job entries.
16:06:45.562 [Quartz Scheduler [globalScheduler]] INFO  org.quartz.core.QuartzScheduler  [->.:] - Scheduler globalScheduler_$_NON_CLUSTERED started.
16:06:48.245 [globalScheduler_Worker-1] INFO  c.alibaba.druid.pool.DruidDataSource  [->.:] - {dataSource-1} inited
16:06:52.158 [downloadScheduler_Worker-4] INFO  c.alibaba.druid.pool.DruidDataSource  [->.:] - {dataSource-2} inited
16:06:54.590 [downloadScheduler_Worker-2] ERROR org.quartz.core.JobRunShell  [->.:] - Job EXCHANGE_ORDER.naersiling旗舰店换货申请 threw an unhandled Exception: 
org.springframework.amqp.AmqpIOException: java.io.IOException
	at org.springframework.amqp.rabbit.support.RabbitExceptionTranslator.convertRabbitAccessException(RabbitExceptionTranslator.java:71)
	at org.springframework.amqp.rabbit.connection.AbstractConnectionFactory.createBareConnection(AbstractConnectionFactory.java:368)
	at org.springframework.amqp.rabbit.connection.CachingConnectionFactory.createConnection(CachingConnectionFactory.java:573)
	at org.springframework.amqp.rabbit.core.RabbitTemplate.doExecute(RabbitTemplate.java:1430)
	at org.springframework.amqp.rabbit.core.RabbitTemplate.execute(RabbitTemplate.java:1411)
	at org.springframework.amqp.rabbit.core.RabbitTemplate.send(RabbitTemplate.java:712)
	at org.springframework.amqp.rabbit.core.RabbitTemplate.convertAndSend(RabbitTemplate.java:780)
	at org.springframework.amqp.rabbit.core.RabbitTemplate.convertAndSend(RabbitTemplate.java:776)
	at com.greatonce.oms.biz.impl.MqProducer.send(MqProducer.java:31)
	at com.greatonce.oms.biz.impl.mall.MallExchangeOrderServiceImpl.lambda$insertBatch$1(MallExchangeOrderServiceImpl.java:56)
	at java.util.ArrayList.forEach(ArrayList.java:1257)
	at com.greatonce.oms.biz.impl.mall.MallExchangeOrderServiceImpl.insertBatch(MallExchangeOrderServiceImpl.java:56)
	at com.greatonce.oms.job.executor.download.ExchangeDownloader.saveOrder(ExchangeDownloader.java:118)
	at com.greatonce.oms.job.executor.download.ExchangeDownloader.download(ExchangeDownloader.java:96)
	at com.greatonce.oms.job.executor.download.ExchangeDownloader.download(ExchangeDownloader.java:84)
	at com.greatonce.oms.job.executor.download.ExchangeDownloader.execute(ExchangeDownloader.java:155)
	at org.quartz.core.JobRunShell.run(JobRunShell.java:202)
	at org.quartz.simpl.SimpleThreadPool$WorkerThread.run(SimpleThreadPool.java:573)
Caused by: java.io.IOException: null
	at com.rabbitmq.client.impl.AMQChannel.wrap(AMQChannel.java:105)
	at com.rabbitmq.client.impl.AMQChannel.wrap(AMQChannel.java:101)
	at com.rabbitmq.client.impl.AMQConnection.start(AMQConnection.java:353)
	at com.rabbitmq.client.ConnectionFactory.newConnection(ConnectionFactory.java:909)
	at com.rabbitmq.client.ConnectionFactory.newConnection(ConnectionFactory.java:859)
	at com.rabbitmq.client.ConnectionFactory.newConnection(ConnectionFactory.java:799)
	at org.springframework.amqp.rabbit.connection.AbstractConnectionFactory.createBareConnection(AbstractConnectionFactory.java:352)
	... 16 common frames omitted
Caused by: com.rabbitmq.client.ShutdownSignalException: connection error
	at com.rabbitmq.utility.ValueOrException.getValue(ValueOrException.java:66)
	at com.rabbitmq.utility.BlockingValueOrException.uninterruptibleGetValue(BlockingValueOrException.java:36)
	at com.rabbitmq.client.impl.AMQChannel$BlockingRpcContinuation.getReply(AMQChannel.java:372)
	at com.rabbitmq.client.impl.AMQConnection.start(AMQConnection.java:297)
	... 20 common frames omitted
Caused by: java.io.EOFException: null
	at java.io.DataInputStream.readUnsignedByte(DataInputStream.java:290)
	at com.rabbitmq.client.impl.Frame.readFrom(Frame.java:91)
	at com.rabbitmq.client.impl.SocketFrameHandler.readFrame(SocketFrameHandler.java:164)
	at com.rabbitmq.client.impl.AMQConnection$MainLoop.run(AMQConnection.java:571)
	at java.lang.Thread.run(Thread.java:748)
16:06:54.591 [downloadScheduler_Worker-2] ERROR org.quartz.core.ErrorLogger  [->.:] - Job (EXCHANGE_ORDER.naersiling旗舰店换货申请 threw an exception.
org.quartz.SchedulerException: Job threw an unhandled exception.
	at org.quartz.core.JobRunShell.run(JobRunShell.java:213)
	at org.quartz.simpl.SimpleThreadPool$WorkerThread.run(SimpleThreadPool.java:573)
Caused by: org.springframework.amqp.AmqpIOException: java.io.IOException
	at org.springframework.amqp.rabbit.support.RabbitExceptionTranslator.convertRabbitAccessException(RabbitExceptionTranslator.java:71)
	at org.springframework.amqp.rabbit.connection.AbstractConnectionFactory.createBareConnection(AbstractConnectionFactory.java:368)
	at org.springframework.amqp.rabbit.connection.CachingConnectionFactory.createConnection(CachingConnectionFactory.java:573)
	at org.springframework.amqp.rabbit.core.RabbitTemplate.doExecute(RabbitTemplate.java:1430)
	at org.springframework.amqp.rabbit.core.RabbitTemplate.execute(RabbitTemplate.java:1411)
	at org.springframework.amqp.rabbit.core.RabbitTemplate.send(RabbitTemplate.java:712)
	at org.springframework.amqp.rabbit.core.RabbitTemplate.convertAndSend(RabbitTemplate.java:780)
	at org.springframework.amqp.rabbit.core.RabbitTemplate.convertAndSend(RabbitTemplate.java:776)
	at com.greatonce.oms.biz.impl.MqProducer.send(MqProducer.java:31)
	at com.greatonce.oms.biz.impl.mall.MallExchangeOrderServiceImpl.lambda$insertBatch$1(MallExchangeOrderServiceImpl.java:56)
	at java.util.ArrayList.forEach(ArrayList.java:1257)
	at com.greatonce.oms.biz.impl.mall.MallExchangeOrderServiceImpl.insertBatch(MallExchangeOrderServiceImpl.java:56)
	at com.greatonce.oms.job.executor.download.ExchangeDownloader.saveOrder(ExchangeDownloader.java:118)
	at com.greatonce.oms.job.executor.download.ExchangeDownloader.download(ExchangeDownloader.java:96)
	at com.greatonce.oms.job.executor.download.ExchangeDownloader.download(ExchangeDownloader.java:84)
	at com.greatonce.oms.job.executor.download.ExchangeDownloader.execute(ExchangeDownloader.java:155)
	at org.quartz.core.JobRunShell.run(JobRunShell.java:202)
	... 1 common frames omitted
Caused by: java.io.IOException: null
	at com.rabbitmq.client.impl.AMQChannel.wrap(AMQChannel.java:105)
	at com.rabbitmq.client.impl.AMQChannel.wrap(AMQChannel.java:101)
	at com.rabbitmq.client.impl.AMQConnection.start(AMQConnection.java:353)
	at com.rabbitmq.client.ConnectionFactory.newConnection(ConnectionFactory.java:909)
	at com.rabbitmq.client.ConnectionFactory.newConnection(ConnectionFactory.java:859)
	at com.rabbitmq.client.ConnectionFactory.newConnection(ConnectionFactory.java:799)
	at org.springframework.amqp.rabbit.connection.AbstractConnectionFactory.createBareConnection(AbstractConnectionFactory.java:352)
	... 16 common frames omitted
Caused by: com.rabbitmq.client.ShutdownSignalException: connection error
	at com.rabbitmq.utility.ValueOrException.getValue(ValueOrException.java:66)
	at com.rabbitmq.utility.BlockingValueOrException.uninterruptibleGetValue(BlockingValueOrException.java:36)
	at com.rabbitmq.client.impl.AMQChannel$BlockingRpcContinuation.getReply(AMQChannel.java:372)
	at com.rabbitmq.client.impl.AMQConnection.start(AMQConnection.java:297)
	... 20 common frames omitted
Caused by: java.io.EOFException: null
	at java.io.DataInputStream.readUnsignedByte(DataInputStream.java:290)
	at com.rabbitmq.client.impl.Frame.readFrom(Frame.java:91)
	at com.rabbitmq.client.impl.SocketFrameHandler.readFrame(SocketFrameHandler.java:164)
	at com.rabbitmq.client.impl.AMQConnection$MainLoop.run(AMQConnection.java:571)
	at java.lang.Thread.run(Thread.java:748)
